c:\users\pc199\desktop\assimp, hello world! - 5.0.1\assimp, hello world!\x64\debug\vc142.pdb
c:\users\pc199\desktop\assimp, hello world! - 5.0.1\assimp, hello world!\x64\debug\vc142.idb
c:\users\pc199\desktop\assimp, hello world! - 5.0.1\assimp, hello world!\x64\debug\glad.obj
c:\users\pc199\desktop\assimp, hello world! - 5.0.1\assimp, hello world!\x64\debug\main.obj
d:\programming\grafica avanzata\progetto finale\assimp, hello world!\x64\debug\vc142.pdb
d:\programming\grafica avanzata\progetto finale\assimp, hello world!\x64\debug\vc142.idb
d:\programming\grafica avanzata\progetto finale\assimp, hello world!\x64\debug\glad.obj
d:\programming\grafica avanzata\progetto finale\assimp, hello world!\x64\debug\main.obj
c:\users\pc199\desktop\assimp, hello world! - 5.0.1\assimp, hello world!\x64\debug\assimp, hello world!.ilk
c:\users\pc199\desktop\assimp, hello world! - 5.0.1\x64\debug\assimp, hello world!.exe
c:\users\pc199\desktop\assimp, hello world! - 5.0.1\x64\debug\assimp, hello world!.pdb
d:\programming\grafica avanzata\progetto finale\x64\debug\assimp, hello world!.exe
d:\programming\grafica avanzata\progetto finale\assimp, hello world!\x64\debug\assimp, hello world!.ilk
d:\programming\grafica avanzata\progetto finale\x64\debug\assimp, hello world!.pdb
d:\programming\grafica avanzata\progetto finale\assimp, hello world!\x64\debug\assimp, .0ab26ef0.tlog\cl.command.1.tlog
d:\programming\grafica avanzata\progetto finale\assimp, hello world!\x64\debug\assimp, .0ab26ef0.tlog\cl.read.1.tlog
d:\programming\grafica avanzata\progetto finale\assimp, hello world!\x64\debug\assimp, .0ab26ef0.tlog\cl.write.1.tlog
d:\programming\grafica avanzata\progetto finale\assimp, hello world!\x64\debug\assimp, .0ab26ef0.tlog\fxc.command.1.tlog
d:\programming\grafica avanzata\progetto finale\assimp, hello world!\x64\debug\assimp, .0ab26ef0.tlog\fxc.read.1.tlog
d:\programming\grafica avanzata\progetto finale\assimp, hello world!\x64\debug\assimp, .0ab26ef0.tlog\link.command.1.tlog
d:\programming\grafica avanzata\progetto finale\assimp, hello world!\x64\debug\assimp, .0ab26ef0.tlog\link.read.1.tlog
d:\programming\grafica avanzata\progetto finale\assimp, hello world!\x64\debug\assimp, .0ab26ef0.tlog\link.write.1.tlog
